<?xml version="1.0" encoding="UTF-8"?>
<testsuite name="rspec" tests="40" skipped="0" failures="0" errors="0" time="1.790423" timestamp="2021-07-24T23:33:49-03:00" hostname="Anelise">
<properties>
<property name="seed" value="17266"/>
</properties>
<testcase classname="spec.scenarios.booking_post_spec" name="POST /equipos/{equipo_id}/bookings solicitar locacao deve retornar 200" file="./spec/scenarios/booking_post_spec.rb" time="0.006484"></testcase>
<testcase classname="spec.scenarios.equipo_delete_spec" name="DELETE /equipo/{equipo_id} obter unico equipo deve retornar 204" file="./spec/scenarios/equipo_delete_spec.rb" time="0.000128"></testcase>
<testcase classname="spec.scenarios.equipo_delete_spec" name="DELETE /equipo/{equipo_id} equipo nao existe deve retornar 204" file="./spec/scenarios/equipo_delete_spec.rb" time="0.000454"></testcase>
<testcase classname="spec.scenarios.equipo_get_spec" name="GET /equipo/{equipo_id} obter unico equipo deve retornar 200" file="./spec/scenarios/equipo_get_spec.rb" time="0.000285"></testcase>
<testcase classname="spec.scenarios.equipo_get_spec" name="GET /equipo/{equipo_id} obter unico equipo deve retornar o nome" file="./spec/scenarios/equipo_get_spec.rb" time="0.024211"></testcase>
<testcase classname="spec.scenarios.equipo_get_spec" name="GET /equipo/{equipo_id} equipo nao existe deve retornar 404" file="./spec/scenarios/equipo_get_spec.rb" time="0.000198"></testcase>
<testcase classname="spec.scenarios.equipo_get_spec" name="GET /equipos obter uma lista deve retornar 200" file="./spec/scenarios/equipo_get_spec.rb" time="0.000169"></testcase>
<testcase classname="spec.scenarios.equipo_get_spec" name="GET /equipos obter uma lista deve retornar uma lista de equipos" file="./spec/scenarios/equipo_get_spec.rb" time="0.023419"></testcase>
<testcase classname="spec.scenarios.equipo_post_spec" name="POST /equipos novo equipo deve retornar 200" file="./spec/scenarios/equipo_post_spec.rb" time="0.000099"></testcase>
<testcase classname="spec.scenarios.equipo_post_spec" name="POST /equipos nao autorizado deve retornar 401" file="./spec/scenarios/equipo_post_spec.rb" time="0.000341"></testcase>
<testcase classname="spec.scenarios.session_post_spec" name="POST /sessions login com sucesso valida status code" file="./spec/scenarios/session_post_spec.rb" time="0.000181"></testcase>
<testcase classname="spec.scenarios.session_post_spec" name="POST /sessions login com sucesso valida id do usuário" file="./spec/scenarios/session_post_spec.rb" time="0.000248"></testcase>
<testcase classname="spec.scenarios.session_post_spec" name="POST /sessions senha incorreta valida status code 401" file="./spec/scenarios/session_post_spec.rb" time="0.000387"></testcase>
<testcase classname="spec.scenarios.session_post_spec" name="POST /sessions senha incorreta valida id do usuário" file="./spec/scenarios/session_post_spec.rb" time="0.000863"></testcase>
<testcase classname="spec.scenarios.session_post_spec" name="POST /sessions usuario não existe valida status code 401" file="./spec/scenarios/session_post_spec.rb" time="0.000115"></testcase>
<testcase classname="spec.scenarios.session_post_spec" name="POST /sessions usuario não existe valida id do usuário" file="./spec/scenarios/session_post_spec.rb" time="0.000101"></testcase>
<testcase classname="spec.scenarios.session_post_spec" name="POST /sessions email em branco valida status code 412" file="./spec/scenarios/session_post_spec.rb" time="0.000170"></testcase>
<testcase classname="spec.scenarios.session_post_spec" name="POST /sessions email em branco valida id do usuário" file="./spec/scenarios/session_post_spec.rb" time="0.000158"></testcase>
<testcase classname="spec.scenarios.session_post_spec" name="POST /sessions sem o campo email valida status code 412" file="./spec/scenarios/session_post_spec.rb" time="0.000172"></testcase>
<testcase classname="spec.scenarios.session_post_spec" name="POST /sessions sem o campo email valida id do usuário" file="./spec/scenarios/session_post_spec.rb" time="0.000151"></testcase>
<testcase classname="spec.scenarios.session_post_spec" name="POST /sessions senha em branco valida status code 412" file="./spec/scenarios/session_post_spec.rb" time="0.000223"></testcase>
<testcase classname="spec.scenarios.session_post_spec" name="POST /sessions senha em branco valida id do usuário" file="./spec/scenarios/session_post_spec.rb" time="0.000166"></testcase>
<testcase classname="spec.scenarios.session_post_spec" name="POST /sessions sem o campo senha valida status code 412" file="./spec/scenarios/session_post_spec.rb" time="0.000139"></testcase>
<testcase classname="spec.scenarios.session_post_spec" name="POST /sessions sem o campo senha valida id do usuário" file="./spec/scenarios/session_post_spec.rb" time="0.000133"></testcase>
<testcase classname="spec.scenarios.signup_post_spec" name="POST /signup novo usuario valida status code" file="./spec/scenarios/signup_post_spec.rb" time="0.000102"></testcase>
<testcase classname="spec.scenarios.signup_post_spec" name="POST /signup novo usuario valida id do usuário" file="./spec/scenarios/signup_post_spec.rb" time="0.000121"></testcase>
<testcase classname="spec.scenarios.signup_post_spec" name="POST /signup usuario ja existe deve retornar 409" file="./spec/scenarios/signup_post_spec.rb" time="0.000126"></testcase>
<testcase classname="spec.scenarios.signup_post_spec" name="POST /signup usuario ja existe deve retornar mensagem" file="./spec/scenarios/signup_post_spec.rb" time="0.000113"></testcase>
<testcase classname="spec.scenarios.signup_post_spec" name="POST /signup senha incorreta valida status code 409" file="./spec/scenarios/signup_post_spec.rb" time="0.000191"></testcase>
<testcase classname="spec.scenarios.signup_post_spec" name="POST /signup senha incorreta valida id do usuário" file="./spec/scenarios/signup_post_spec.rb" time="0.000712"></testcase>
<testcase classname="spec.scenarios.signup_post_spec" name="POST /signup email incorreto valida status code 412" file="./spec/scenarios/signup_post_spec.rb" time="0.000147"></testcase>
<testcase classname="spec.scenarios.signup_post_spec" name="POST /signup email incorreto valida id do usuário" file="./spec/scenarios/signup_post_spec.rb" time="0.000231"></testcase>
<testcase classname="spec.scenarios.signup_post_spec" name="POST /signup nome incorreto valida status code 409" file="./spec/scenarios/signup_post_spec.rb" time="0.000552"></testcase>
<testcase classname="spec.scenarios.signup_post_spec" name="POST /signup nome incorreto valida id do usuário" file="./spec/scenarios/signup_post_spec.rb" time="0.000287"></testcase>
<testcase classname="spec.scenarios.signup_post_spec" name="POST /signup nome em branco ou sem nome valida status code 412" file="./spec/scenarios/signup_post_spec.rb" time="0.000131"></testcase>
<testcase classname="spec.scenarios.signup_post_spec" name="POST /signup nome em branco ou sem nome valida id do usuário" file="./spec/scenarios/signup_post_spec.rb" time="0.000352"></testcase>
<testcase classname="spec.scenarios.signup_post_spec" name="POST /signup email em branco ou sem email valida status code 412" file="./spec/scenarios/signup_post_spec.rb" time="0.001306"></testcase>
<testcase classname="spec.scenarios.signup_post_spec" name="POST /signup email em branco ou sem email valida id do usuário" file="./spec/scenarios/signup_post_spec.rb" time="0.000574"></testcase>
<testcase classname="spec.scenarios.signup_post_spec" name="POST /signup senha em branco ou sem senha valida status code 412" file="./spec/scenarios/signup_post_spec.rb" time="0.000464"></testcase>
<testcase classname="spec.scenarios.signup_post_spec" name="POST /signup senha em branco ou sem senha valida id do usuário" file="./spec/scenarios/signup_post_spec.rb" time="0.000956"></testcase>
</testsuite>
